Using pre-set license
Built from '2021.3/staging' branch; Version is '2021.3.8f1 (b30333d56e81) revision 11731763'; Using compiler version '192829333'; Build Type 'Release'
OS: 'Windows 10  (10.0.19044) 64bit Core' Language: 'en' Physical Memory: 32605 MB
BatchMode: 1, IsHumanControllingUs: 0, StartBugReporterOnCrash: 0, Is64bit: 1, IsPro: 1

COMMAND LINE ARGUMENTS:
D:\2021.3.8f1\Editor\Unity.exe
-adb2
-batchMode
-noUpm
-name
AssetImportWorker1
-projectPath
D:/Repositories/Ballistics/Ballistics
-logFile
Logs/AssetImportWorker1.log
-srvPort
61915
Successfully changed project path to: D:/Repositories/Ballistics/Ballistics
D:/Repositories/Ballistics/Ballistics
[UnityMemory] Configuration Parameters - Can be set up in boot.config
    "memorysetup-bucket-allocator-granularity=16"
    "memorysetup-bucket-allocator-bucket-count=8"
    "memorysetup-bucket-allocator-block-size=33554432"
    "memorysetup-bucket-allocator-block-count=8"
    "memorysetup-main-allocator-block-size=16777216"
    "memorysetup-thread-allocator-block-size=16777216"
    "memorysetup-gfx-main-allocator-block-size=16777216"
    "memorysetup-gfx-thread-allocator-block-size=16777216"
    "memorysetup-cache-allocator-block-size=4194304"
    "memorysetup-typetree-allocator-block-size=2097152"
    "memorysetup-profiler-bucket-allocator-granularity=16"
    "memorysetup-profiler-bucket-allocator-bucket-count=8"
    "memorysetup-profiler-bucket-allocator-block-size=33554432"
    "memorysetup-profiler-bucket-allocator-block-count=8"
    "memorysetup-profiler-allocator-block-size=16777216"
    "memorysetup-profiler-editor-allocator-block-size=1048576"
    "memorysetup-temp-allocator-size-main=16777216"
    "memorysetup-job-temp-allocator-block-size=2097152"
    "memorysetup-job-temp-allocator-block-size-background=1048576"
    "memorysetup-job-temp-allocator-reduction-small-platforms=262144"
    "memorysetup-temp-allocator-size-background-worker=32768"
    "memorysetup-temp-allocator-size-job-worker=262144"
    "memorysetup-temp-allocator-size-preload-manager=33554432"
    "memorysetup-temp-allocator-size-nav-mesh-worker=65536"
    "memorysetup-temp-allocator-size-audio-worker=65536"
    "memorysetup-temp-allocator-size-cloud-worker=32768"
    "memorysetup-temp-allocator-size-gi-baking-worker=262144"
    "memorysetup-temp-allocator-size-gfx=262144"
Refreshing native plugins compatible for Editor in 58.41 ms, found 3 plugins.
Preloading 0 native plugins for Editor in 0.00 ms.
Initialize engine version: 2021.3.8f1 (b30333d56e81)
[Subsystems] Discovering subsystems at path D:/2021.3.8f1/Editor/Data/Resources/UnitySubsystems
[Subsystems] Discovering subsystems at path D:/Repositories/Ballistics/Ballistics/Assets
GfxDevice: creating device client; threaded=0; jobified=0
Direct3D:
    Version:  Direct3D 11.0 [level 11.1]
    Renderer: NVIDIA GeForce RTX 3050 (ID=0x2507)
    Vendor:   NVIDIA
    VRAM:     8056 MB
    Driver:   31.0.15.2849
Initialize mono
Mono path[0] = 'D:/2021.3.8f1/Editor/Data/Managed'
Mono path[1] = 'D:/2021.3.8f1/Editor/Data/MonoBleedingEdge/lib/mono/unityjit-win32'
Mono config path = 'D:/2021.3.8f1/Editor/Data/MonoBleedingEdge/etc'
Using monoOptions --debugger-agent=transport=dt_socket,embedding=1,server=y,suspend=n,address=127.0.0.1:56716
Begin MonoManager ReloadAssembly
Registering precompiled unity dll's ...
Register platform support module: D:/2021.3.8f1/Editor/Data/PlaybackEngines/WebGLSupport/UnityEditor.WebGL.Extensions.dll
Register platform support module: D:/2021.3.8f1/Editor/Data/PlaybackEngines/WindowsStandaloneSupport/UnityEditor.WindowsStandalone.Extensions.dll
Registered in 0.001356 seconds.
Native extension for WindowsStandalone target not found
Native extension for WebGL target not found
Refreshing native plugins compatible for Editor in 60.87 ms, found 3 plugins.
Preloading 0 native plugins for Editor in 0.00 ms.
Mono: successfully reloaded assembly
- Completed reload, in  0.425 seconds
Domain Reload Profiling:
	ReloadAssembly (425ms)
		BeginReloadAssembly (43ms)
			ExecutionOrderSort (0ms)
			DisableScriptedObjects (0ms)
			BackupInstance (0ms)
			ReleaseScriptingObjects (0ms)
			CreateAndSetChildDomain (0ms)
		EndReloadAssembly (314ms)
			LoadAssemblies (42ms)
			RebuildTransferFunctionScriptingTraits (0ms)
			SetupTypeCache (74ms)
			ReleaseScriptCaches (0ms)
			RebuildScriptCaches (25ms)
			SetupLoadedEditorAssemblies (183ms)
				LogAssemblyErrors (0ms)
				InitializePlatformSupportModulesInManaged (5ms)
				SetLoadedEditorAssemblies (0ms)
				RefreshPlugins (61ms)
				BeforeProcessingInitializeOnLoad (1ms)
				ProcessInitializeOnLoadAttributes (83ms)
				ProcessInitializeOnLoadMethodAttributes (33ms)
				AfterProcessingInitializeOnLoad (0ms)
				EditorAssembliesLoaded (0ms)
			ExecutionOrderSort2 (0ms)
			AwakeInstancesAfterBackupRestoration (0ms)
Platform modules already initialized, skipping
Registering precompiled user dll's ...
Registered in 0.002487 seconds.
Begin MonoManager ReloadAssembly
Symbol file LoadedFromMemory doesn't match image D:\Repositories\Ballistics\Ballistics\Library\PackageCache\com.unity.visualscripting@1.7.8\Editor\VisualScripting.Core\Dependencies\YamlDotNet\Unity.VisualScripting.YamlDotNet.dll
Symbol file LoadedFromMemory doesn't match image D:\Repositories\Ballistics\Ballistics\Library\PackageCache\com.unity.visualscripting@1.7.8\Editor\VisualScripting.Core\Dependencies\DotNetZip\Unity.VisualScripting.IonicZip.dll
Native extension for WindowsStandalone target not found
Native extension for WebGL target not found
Refreshing native plugins compatible for Editor in 0.35 ms, found 3 plugins.
Preloading 0 native plugins for Editor in 0.00 ms.
Mono: successfully reloaded assembly
- Completed reload, in  0.671 seconds
Domain Reload Profiling:
	ReloadAssembly (672ms)
		BeginReloadAssembly (78ms)
			ExecutionOrderSort (0ms)
			DisableScriptedObjects (5ms)
			BackupInstance (0ms)
			ReleaseScriptingObjects (0ms)
			CreateAndSetChildDomain (13ms)
		EndReloadAssembly (513ms)
			LoadAssemblies (45ms)
			RebuildTransferFunctionScriptingTraits (0ms)
			SetupTypeCache (179ms)
			ReleaseScriptCaches (0ms)
			RebuildScriptCaches (33ms)
			SetupLoadedEditorAssemblies (230ms)
				LogAssemblyErrors (0ms)
				InitializePlatformSupportModulesInManaged (4ms)
				SetLoadedEditorAssemblies (0ms)
				RefreshPlugins (0ms)
				BeforeProcessingInitializeOnLoad (53ms)
				ProcessInitializeOnLoadAttributes (152ms)
				ProcessInitializeOnLoadMethodAttributes (19ms)
				AfterProcessingInitializeOnLoad (1ms)
				EditorAssembliesLoaded (0ms)
			ExecutionOrderSort2 (0ms)
			AwakeInstancesAfterBackupRestoration (4ms)
Platform modules already initialized, skipping
========================================================================
Worker process is ready to serve import requests
Launched and connected shader compiler UnityShaderCompiler.exe after 0.03 seconds
Refreshing native plugins compatible for Editor in 0.44 ms, found 3 plugins.
Preloading 0 native plugins for Editor in 0.00 ms.
Unloading 3385 Unused Serialized files (Serialized files now loaded: 0)
Unloading 27 unused Assets / (111.0 KB). Loaded Objects now: 3843.
Memory consumption went from 116.7 MB to 116.6 MB.
Total: 5.367900 ms (FindLiveObjects: 0.195700 ms CreateObjectMapping: 0.091000 ms MarkObjects: 2.005500 ms  DeleteObjects: 3.074900 ms)

AssetImportParameters requested are different than current active one (requested -> active):
  custom:video-decoder-ogg-theora: a1e56fd34408186e4bbccfd4996cb3dc -> 
  custom:container-muxer-webm: aa71ff27fc2769a1b78a27578f13a17b -> 
  custom:container-demuxer-webm: 4f35f7cbe854078d1ac9338744f61a02 -> 
  custom:video-encoder-webm-vp8: eb34c28f22e8b96e1ab97ce403110664 -> 
  custom:audio-encoder-webm-vorbis: bf7c407c2cedff20999df2af8eb42d56 -> 
  custom:framework-win-MediaFoundation: 216162199b28c13a410421893ffa2e32 -> 
  custom:container-demuxer-ogg: 62fdf1f143b41e24485cea50d1cbac27 -> 
  custom:video-decoder-webm-vp8: 9c59270c3fd7afecdb556c50c9e8de78 -> 
  custom:audio-decoder-ogg-vorbis: bf7c407c2cedff20999df2af8eb42d56 -> 
========================================================================
Received Import Request.
  Time since last request: 358253.982288 seconds.
  path: Assets/Models/poisondartfrog/ToxicFrogs/textures/Black_RedSpot.png
  artifactKey: Guid(bed322e71ae81461da532679c4c07550) Importer(815301076,1909f56bfc062723c751e8b465ee728b)
Start importing Assets/Models/poisondartfrog/ToxicFrogs/textures/Black_RedSpot.png using Guid(bed322e71ae81461da532679c4c07550) Importer(815301076,1909f56bfc062723c751e8b465ee728b)  -> (artifact id: '4a0c1568081071efc1ed6d83e910d346') in 0.117819 seconds 
========================================================================
Received Import Request.
  Time since last request: 0.000022 seconds.
  path: Assets/Models/poisondartfrog/ToxicFrogs/textures/Red_Green_Black.png
  artifactKey: Guid(191b54297b67446a1bf06f484f7aaed7) Importer(815301076,1909f56bfc062723c751e8b465ee728b)
Start importing Assets/Models/poisondartfrog/ToxicFrogs/textures/Red_Green_Black.png using Guid(191b54297b67446a1bf06f484f7aaed7) Importer(815301076,1909f56bfc062723c751e8b465ee728b)  -> (artifact id: '3265d2ab6da260b8d7d26a41bdd298aa') in 0.011400 seconds 
========================================================================
Received Import Request.
  Time since last request: 0.000018 seconds.
  path: Assets/Models/poisondartfrog/ToxicFrogs/textures/BodyNRM.png
  artifactKey: Guid(ba4aa4e6e87bd41bcb0a5bf2ff872dd1) Importer(815301076,1909f56bfc062723c751e8b465ee728b)
Start importing Assets/Models/poisondartfrog/ToxicFrogs/textures/BodyNRM.png using Guid(ba4aa4e6e87bd41bcb0a5bf2ff872dd1) Importer(815301076,1909f56bfc062723c751e8b465ee728b)  -> (artifact id: 'd71b9b31396b18b2086d5caf51e63a89') in 0.027039 seconds 
========================================================================
Received Import Request.
  Time since last request: 0.000021 seconds.
  path: Assets/Models/poisondartfrog/ToxicFrogs/textures/Orange_Black_Blue.png
  artifactKey: Guid(1dc0886e60e464a76aad1d510838fef6) Importer(815301076,1909f56bfc062723c751e8b465ee728b)
Start importing Assets/Models/poisondartfrog/ToxicFrogs/textures/Orange_Black_Blue.png using Guid(1dc0886e60e464a76aad1d510838fef6) Importer(815301076,1909f56bfc062723c751e8b465ee728b)  -> (artifact id: '4a88a805e2db8b6628deaa289a8c1cd8') in 0.138716 seconds 
========================================================================
Received Import Request.
  Time since last request: 0.000017 seconds.
  path: Assets/Models/poisondartfrog/ToxicFrogs/textures/GutsBlood_Opaque.png
  artifactKey: Guid(3236460ad9d3f481d884b700e1ded928) Importer(815301076,1909f56bfc062723c751e8b465ee728b)
Start importing Assets/Models/poisondartfrog/ToxicFrogs/textures/GutsBlood_Opaque.png using Guid(3236460ad9d3f481d884b700e1ded928) Importer(815301076,1909f56bfc062723c751e8b465ee728b)  -> (artifact id: 'ec12c97c2dd466458e01893919e977a6') in 0.130353 seconds 
========================================================================
Received Import Request.
  Time since last request: 0.000020 seconds.
  path: Assets/Models/poisondartfrog/ToxicFrogs/textures/GutsBloodNRM.png
  artifactKey: Guid(d9e21f033d09f4778a02c389f360e7c6) Importer(815301076,1909f56bfc062723c751e8b465ee728b)
Start importing Assets/Models/poisondartfrog/ToxicFrogs/textures/GutsBloodNRM.png using Guid(d9e21f033d09f4778a02c389f360e7c6) Importer(815301076,1909f56bfc062723c751e8b465ee728b)  -> (artifact id: '81b58dba881f3d28e68b0426c7cd3b06') in 0.094786 seconds 
========================================================================
Received Import Request.
  Time since last request: 0.000039 seconds.
  path: Assets/Models/poisondartfrog/ToxicFrogs/textures/Orange_Black_Blue.mat
  artifactKey: Guid(82258f0e08d574b24b1c786640fdae45) Importer(815301076,1909f56bfc062723c751e8b465ee728b)
Start importing Assets/Models/poisondartfrog/ToxicFrogs/textures/Orange_Black_Blue.mat using Guid(82258f0e08d574b24b1c786640fdae45) Importer(815301076,1909f56bfc062723c751e8b465ee728b)  -> (artifact id: '84e9d4b2d2a866f0e0ddeca5d79693b1') in 0.061841 seconds 
========================================================================
Received Import Request.
  Time since last request: 0.000022 seconds.
  path: Assets/Models/poisondartfrog/ToxicFrogs/textures/BlueSpot.png
  artifactKey: Guid(d5ed24a90a4554a1c8169fcc1d3faa85) Importer(815301076,1909f56bfc062723c751e8b465ee728b)
Start importing Assets/Models/poisondartfrog/ToxicFrogs/textures/BlueSpot.png using Guid(d5ed24a90a4554a1c8169fcc1d3faa85) Importer(815301076,1909f56bfc062723c751e8b465ee728b)  -> (artifact id: '58d0b5590d2af5833f99755c20feaece') in 0.014158 seconds 
========================================================================
Received Import Request.
  Time since last request: 0.000020 seconds.
  path: Assets/Models/poisondartfrog/ToxicFrogs/textures/GutsBlood.png
  artifactKey: Guid(b33ca8868cbd84444974d0f953adfd39) Importer(815301076,1909f56bfc062723c751e8b465ee728b)
Start importing Assets/Models/poisondartfrog/ToxicFrogs/textures/GutsBlood.png using Guid(b33ca8868cbd84444974d0f953adfd39) Importer(815301076,1909f56bfc062723c751e8b465ee728b)  -> (artifact id: '9f9894a22a1138b93f2fdecf44a8abeb') in 0.013799 seconds 
========================================================================
Received Import Request.
  Time since last request: 0.000029 seconds.
  path: Assets/Models/poisondartfrog/ToxicFrogs/textures/tongue.mat
  artifactKey: Guid(9689a737b8f5e4ace97a666e4c2aa78c) Importer(815301076,1909f56bfc062723c751e8b465ee728b)
Start importing Assets/Models/poisondartfrog/ToxicFrogs/textures/tongue.mat using Guid(9689a737b8f5e4ace97a666e4c2aa78c) Importer(815301076,1909f56bfc062723c751e8b465ee728b)  -> (artifact id: '0e1dc4e5210414b94b66826335348376') in 0.013192 seconds 
========================================================================
Received Import Request.
  Time since last request: 0.000018 seconds.
  path: Assets/Models/poisondartfrog/ToxicFrogs/textures/Red_Green_Black.mat
  artifactKey: Guid(a6966664c834d410daa31bc4ea1863a6) Importer(815301076,1909f56bfc062723c751e8b465ee728b)
Start importing Assets/Models/poisondartfrog/ToxicFrogs/textures/Red_Green_Black.mat using Guid(a6966664c834d410daa31bc4ea1863a6) Importer(815301076,1909f56bfc062723c751e8b465ee728b)  -> (artifact id: 'edbdc8b20d0487122a1b0006a691f3fb') in 0.012472 seconds 
========================================================================
Received Import Request.
  Time since last request: 16.412669 seconds.
  path: Assets/Models/poisondartfrog/ToxicFrogs/textures/yellow.png
  artifactKey: Guid(ec9b0290197004251a07673690f7e065) Importer(815301076,1909f56bfc062723c751e8b465ee728b)
Start importing Assets/Models/poisondartfrog/ToxicFrogs/textures/yellow.png using Guid(ec9b0290197004251a07673690f7e065) Importer(815301076,1909f56bfc062723c751e8b465ee728b)  -> (artifact id: '55bcdb4bf81054e9666abb2ac76345f7') in 0.117402 seconds 
Editor requested this worker to shutdown with reason: Scaling down because of idle timeout
AssetImportWorker is now disconnected from the server
Process exiting
Exiting without the bug reporter. Application will terminate with return code 0